#
# A fatal error has been detected by the Java Runtime Environment:
#
#  SIGSEGV (0xb) at pc=0x0000000100d7d973, pid=8138, tid=4867
#
# JRE version: 7.0_17-b02
# Java VM: Java HotSpot(TM) 64-Bit Server VM (23.7-b01 mixed mode bsd-amd64 compressed oops)
# Problematic frame:
# V  [libjvm.dylib+0x295973]
#
# Failed to write core dump. Core dumps have been disabled. To enable core dumping, try "ulimit -c unlimited" before starting Java again
#
# If you would like to submit a bug report, please visit:
#   http://bugreport.sun.com/bugreport/crash.jsp
#

---------------  T H R E A D  ---------------

Current thread (0x00007fae7400c000):  JavaThread "main" [_thread_in_vm, id=4867, stack(0x0000000101590000,0x0000000101690000)]

siginfo:si_signo=SIGSEGV: si_errno=0, si_code=1 (SEGV_MAPERR), si_addr=0x0000000100000000

Registers:
RAX=0x000000011be8dd48, RBX=0x00007fae74851e18, RCX=0x0000000101215990, RDX=0x000000010119a560
RSP=0x000000010168ed90, RBP=0x000000010168edb0, RSI=0x0000000100000000, RDI=0x0000000104f405c0
R8 =0x0000000000000320, R9 =0x00000000000001f4, R10=0x00007fae74876140, R11=0x00007fff77a89268
R12=0x00007fae7400c1d8, R13=0x000000010168efd8, R14=0x0000000100000000, R15=0x00007fae7400c1d8
RIP=0x0000000100d7d973, EFLAGS=0x0000000000010202, ERR=0x0000000000000004
  TRAPNO=0x000000000000000e

Top of Stack: (sp=0x000000010168ed90)
0x000000010168ed90:   00007fae7400c000 0000000100000000
0x000000010168eda0:   00007fae7400c1d8 00007fae7400c000
0x000000010168edb0:   000000010168ede0 0000000100d8aa93
0x000000010168edc0:   000000010168ede0 0000000000000000
0x000000010168edd0:   0000000000000000 0000000000000000
0x000000010168ede0:   000000010168ee70 000000012585822b
0x000000010168edf0:   000000010168ee48 000000400168ef40
0x000000010168ee00:   00000320000001f4 0000023000000122
0x000000010168ee10:   000000010168ef88 00007fae7400c000
0x000000010168ee20:   000000010168ee60 0000000100d6adc1
0x000000010168ee30:   00007fae7400c000 000000010168eeb0
0x000000010168ee40:   00007fae7400c000 000000011c0050f8
0x000000010168ee50:   0000000000000000 000000011c0050f0
0x000000010168ee60:   000000010168ef88 00007fae7400c000
0x000000010168ee70:   000000010168ef18 0000000101776f90
0x000000010168ee80:   0000000000000000 0000000100000000
0x000000010168ee90:   0000000000000000 0000000100000000
0x000000010168eea0:   000000010168ef40 0000000000000000
0x000000010168eeb0:   0000000100000000 000000010168efd8
0x000000010168eec0:   000000010168ef38 000000010168ef08
0x000000010168eed0:   000000011bf30968 000000010168eed8
0x000000010168eee0:   000000011c0050f0 000000010168ef88
0x000000010168eef0:   000000011c031510 0000000000000000
0x000000010168ef00:   000000011c0050f8 0000000000000000
0x000000010168ef10:   000000010168ef38 000000010168efd8
0x000000010168ef20:   000000010176b333 0000000000000000
0x000000010168ef30:   0000000101773ddb 0000000000000000
0x000000010168ef40:   00000001049cdf08 0000000000000000
0x000000010168ef50:   0000000000000000 0000000000000000
0x000000010168ef60:   0000000000000000 00000000000001f4
0x000000010168ef70:   0000000000000320 0000000000000122
0x000000010168ef80:   0000000000000230 0000000104fd8ad8 

Instructions: (pc=0x0000000100d7d973)
0x0000000100d7d953:   04 b0 01 eb 4a 48 8b 3b e8 78 4b ff ff 48 85 c0
0x0000000100d7d963:   75 04 30 c0 eb 39 48 8d 0d 20 80 49 00 80 39 00
0x0000000100d7d973:   49 8b 16 74 15 48 8d 35 e1 cb 41 00 8a 4e 08 8b
0x0000000100d7d983:   7a 08 48 d3 e7 48 03 3e eb 04 48 8b 7a 08 48 83 

Register to memory mapping:

RAX=0x000000011be8dd48 is an oop
{instance class} 
 - klass: {other class}
RBX=0x00007fae74851e18 is a global jni handle
RCX=0x0000000101215990: UseCompressedOops+0 in /Library/Java/JavaVirtualMachines/jdk1.7.0_17.jdk/Contents/Home/jre/lib/server/libjvm.dylib at 0x0000000100ae8000
RDX=0x000000010119a560: _ZN8Universe11_narrow_oopE+0 in /Library/Java/JavaVirtualMachines/jdk1.7.0_17.jdk/Contents/Home/jre/lib/server/libjvm.dylib at 0x0000000100ae8000
RSP=0x000000010168ed90 is pointing into the stack for thread: 0x00007fae7400c000
RBP=0x000000010168edb0 is pointing into the stack for thread: 0x00007fae7400c000
RSI=0x0000000100000000 is an unknown value
RDI=0x0000000104f405c0 is an oop
java.lang.Class 
 - klass: 'java/lang/Class'
R8 =0x0000000000000320 is an unknown value
R9 =0x00000000000001f4 is an unknown value
R10=0x00007fae74876140 is an unknown value
R11=0x00007fff77a89268: <offset 0xeca48268> in /System/Library/Frameworks/Foundation.framework/Versions/C/Foundation at 0x00007fff8b041000
R12=0x00007fae7400c1d8 is an unknown value
R13=0x000000010168efd8 is pointing into the stack for thread: 0x00007fae7400c000
R14=0x0000000100000000 is an unknown value
R15=0x00007fae7400c1d8 is an unknown value


Stack: [0x0000000101590000,0x0000000101690000],  sp=0x000000010168ed90,  free space=1019k
Native frames: (J=compiled Java code, j=interpreted, Vv=VM code, C=native code)
V  [libjvm.dylib+0x295973]
V  [libjvm.dylib+0x2a2a93]
C  [liblwjgl.jnilib+0xc22b]  Java_org_lwjgl_opengl_MacOSXDisplay_nCreateWindow+0x9b
j  org.lwjgl.opengl.MacOSXDisplay.nCreateWindow(IIIIZZZZLjava/nio/ByteBuffer;Ljava/nio/ByteBuffer;)Ljava/nio/ByteBuffer;+0
j  org.lwjgl.opengl.MacOSXDisplay.createWindow(Lorg/lwjgl/opengl/DrawableLWJGL;Lorg/lwjgl/opengl/DisplayMode;Ljava/awt/Canvas;II)V+120
j  org.lwjgl.opengl.Display.createWindow()V+71
j  org.lwjgl.opengl.Display.create(Lorg/lwjgl/opengl/PixelFormat;Lorg/lwjgl/opengl/Drawable;Lorg/lwjgl/opengl/ContextAttribs;)V+72
j  org.lwjgl.opengl.Display.create(Lorg/lwjgl/opengl/PixelFormat;)V+12
j  org.newdawn.slick.AppGameContainer.tryCreateDisplay(Lorg/lwjgl/opengl/PixelFormat;)V+7
j  org.newdawn.slick.AppGameContainer.access$000(Lorg/newdawn/slick/AppGameContainer;Lorg/lwjgl/opengl/PixelFormat;)V+2
j  org.newdawn.slick.AppGameContainer$2.run()Ljava/lang/Object;+36
v  ~StubRoutines::call_stub
V  [libjvm.dylib+0x28852f]
V  [libjvm.dylib+0x2882fc]
V  [libjvm.dylib+0x2c33b3]
j  java.security.AccessController.doPrivileged(Ljava/security/PrivilegedAction;)Ljava/lang/Object;+0
j  org.newdawn.slick.AppGameContainer.setup()V+112
j  org.newdawn.slick.AppGameContainer.start()V+1
j  goatRunner.GoatRunner.main([Ljava/lang/String;)V+27
v  ~StubRoutines::call_stub
V  [libjvm.dylib+0x28852f]
V  [libjvm.dylib+0x2882fc]
V  [libjvm.dylib+0x2a3b0a]
V  [libjvm.dylib+0x29ce76]
C  [java+0x317e]  JavaMain+0x91d
C  [libsystem_c.dylib+0x14772]  _pthread_start+0x147
C  [libsystem_c.dylib+0x11a1]  thread_start+0xd

Java frames: (J=compiled Java code, j=interpreted, Vv=VM code)
j  org.lwjgl.opengl.MacOSXDisplay.nCreateWindow(IIIIZZZZLjava/nio/ByteBuffer;Ljava/nio/ByteBuffer;)Ljava/nio/ByteBuffer;+0
j  org.lwjgl.opengl.MacOSXDisplay.createWindow(Lorg/lwjgl/opengl/DrawableLWJGL;Lorg/lwjgl/opengl/DisplayMode;Ljava/awt/Canvas;II)V+120
j  org.lwjgl.opengl.Display.createWindow()V+71
j  org.lwjgl.opengl.Display.create(Lorg/lwjgl/opengl/PixelFormat;Lorg/lwjgl/opengl/Drawable;Lorg/lwjgl/opengl/ContextAttribs;)V+72
j  org.lwjgl.opengl.Display.create(Lorg/lwjgl/opengl/PixelFormat;)V+12
j  org.newdawn.slick.AppGameContainer.tryCreateDisplay(Lorg/lwjgl/opengl/PixelFormat;)V+7
j  org.newdawn.slick.AppGameContainer.access$000(Lorg/newdawn/slick/AppGameContainer;Lorg/lwjgl/opengl/PixelFormat;)V+2
j  org.newdawn.slick.AppGameContainer$2.run()Ljava/lang/Object;+36
v  ~StubRoutines::call_stub
j  java.security.AccessController.doPrivileged(Ljava/security/PrivilegedAction;)Ljava/lang/Object;+0
j  org.newdawn.slick.AppGameContainer.setup()V+112
j  org.newdawn.slick.AppGameContainer.start()V+1
j  goatRunner.GoatRunner.main([Ljava/lang/String;)V+27
v  ~StubRoutines::call_stub

---------------  P R O C E S S  ---------------

Java Threads: ( => current thread )
  0x00007fae7411b000 JavaThread "Java2D Disposer" daemon [_thread_blocked, id=39179, stack(0x00000001263a5000,0x00000001264a5000)]
  0x00007fae75191800 JavaThread "Java2D Queue Flusher" daemon [_thread_blocked, id=35599, stack(0x00000001258cc000,0x00000001259cc000)]
  0x00007fae75102800 JavaThread "AWT-Shutdown" [_thread_blocked, id=20231, stack(0x0000000121ec6000,0x0000000121fc6000)]
  0x00007fae75112000 JavaThread "AppKit Thread" daemon [_thread_in_native, id=1799, stack(0x00007fff5ea42000,0x00007fff5f242000)]
  0x00007fae75034000 JavaThread "Service Thread" daemon [_thread_blocked, id=19715, stack(0x0000000121a2e000,0x0000000121b2e000)]
  0x00007fae75033800 JavaThread "C2 CompilerThread1" daemon [_thread_blocked, id=19459, stack(0x000000012192b000,0x0000000121a2b000)]
  0x00007fae75038000 JavaThread "C2 CompilerThread0" daemon [_thread_blocked, id=19203, stack(0x0000000121828000,0x0000000121928000)]
  0x00007fae75036000 JavaThread "Signal Dispatcher" daemon [_thread_blocked, id=18947, stack(0x0000000121725000,0x0000000121825000)]
  0x00007fae75024000 JavaThread "Finalizer" daemon [_thread_blocked, id=14595, stack(0x0000000121453000,0x0000000121553000)]
  0x00007fae7501e000 JavaThread "Reference Handler" daemon [_thread_blocked, id=14339, stack(0x0000000121350000,0x0000000121450000)]
=>0x00007fae7400c000 JavaThread "main" [_thread_in_vm, id=4867, stack(0x0000000101590000,0x0000000101690000)]

Other Threads:
  0x00007fae74043800 VMThread [stack: 0x000000012124d000,0x000000012134d000] [id=14083]
  0x00007fae75030800 WatcherThread [stack: 0x0000000121b31000,0x0000000121c31000] [id=19971]

VM state:not at safepoint (normal execution)

VM Mutex/Monitor currently owned by a thread: None

Heap
 def new generation   total 7168K, used 2449K [0x0000000104840000, 0x0000000105000000, 0x000000010c440000)
  eden space 6400K,  26% used [0x0000000104840000, 0x00000001049e47a8, 0x0000000104e80000)
  from space 768K, 100% used [0x0000000104f40000, 0x0000000105000000, 0x0000000105000000)
  to   space 768K,   0% used [0x0000000104e80000, 0x0000000104e80000, 0x0000000104f40000)
 tenured generation   total 15872K, used 1249K [0x000000010c440000, 0x000000010d3c0000, 0x000000011bc40000)
   the space 15872K,   7% used [0x000000010c440000, 0x000000010c578548, 0x000000010c578600, 0x000000010d3c0000)
 compacting perm gen  total 21248K, used 10445K [0x000000011bc40000, 0x000000011d100000, 0x0000000120e40000)
   the space 21248K,  49% used [0x000000011bc40000, 0x000000011c673730, 0x000000011c673800, 0x000000011d100000)
No shared spaces configured.

Card table byte_map: [0x0000000120e40000,0x0000000120f24000] byte_map_base: 0x000000012061be00

Polling page: 0x00000001016cf000

Code Cache  [0x0000000101765000, 0x00000001019d5000, 0x0000000104765000)
 total_blobs=430 nmethods=26 adapters=357 free_code_cache=48595Kb largest_free_block=49741952

Compilation events (10 events):
Event: 1.057 Thread 0x00007fae75033800 nmethod 3% 0x00000001017ec750 code [0x00000001017ec900, 0x00000001017ed128]
Event: 1.058 Thread 0x00007fae75038000 nmethod 19 0x00000001017eb590 code [0x00000001017eb6c0, 0x00000001017eb758]
Event: 1.239 Thread 0x00007fae75033800   20             java.util.TreeMap::parentOf (13 bytes)
Event: 1.240 Thread 0x00007fae75033800 nmethod 20 0x00000001017ee050 code [0x00000001017ee180, 0x00000001017ee1d8]
Event: 1.261 Thread 0x00007fae75038000   21             java.lang.String::startsWith (72 bytes)
Event: 1.264 Thread 0x00007fae75038000 nmethod 21 0x00000001017edc10 code [0x00000001017edd60, 0x00000001017edf38]
Event: 1.266 Thread 0x00007fae75038000   23             java.util.Properties$LineReader::readLine (452 bytes)
Event: 1.269 Thread 0x00007fae75033800   22             java.util.Properties::load0 (250 bytes)
Event: 1.280 Thread 0x00007fae75038000 nmethod 23 0x00000001017f2790 code [0x00000001017f2940, 0x00000001017f31e8]
Event: 1.288 Thread 0x00007fae75033800 nmethod 22 0x00000001017f3850 code [0x00000001017f3a20, 0x00000001017f47e0]

GC Heap History (2 events):
Event: 0.958 GC heap before
{Heap before GC invocations=0 (full 0):
 def new generation   total 7168K, used 6400K [0x0000000104840000, 0x0000000105000000, 0x000000010c440000)
  eden space 6400K, 100% used [0x0000000104840000, 0x0000000104e80000, 0x0000000104e80000)
  from space 768K,   0% used [0x0000000104e80000, 0x0000000104e80000, 0x0000000104f40000)
  to   space 768K,   0% used [0x0000000104f40000, 0x0000000104f40000, 0x0000000105000000)
 tenured generation   total 15872K, used 0K [0x000000010c440000, 0x000000010d3c0000, 0x000000011bc40000)
   the space 15872K,   0% used [0x000000010c440000, 0x000000010c440000, 0x000000010c440200, 0x000000010d3c0000)
 compacting perm gen  total 21248K, used 9523K [0x000000011bc40000, 0x000000011d100000, 0x0000000120e40000)
   the space 21248K,  44% used [0x000000011bc40000, 0x000000011c58cc90, 0x000000011c58ce00, 0x000000011d100000)
No shared spaces configured.
Event: 0.971 GC heap after
Heap after GC invocations=1 (full 0):
 def new generation   total 7168K, used 768K [0x0000000104840000, 0x0000000105000000, 0x000000010c440000)
  eden space 6400K,   0% used [0x0000000104840000, 0x0000000104840000, 0x0000000104e80000)
  from space 768K, 100% used [0x0000000104f40000, 0x0000000105000000, 0x0000000105000000)
  to   space 768K,   0% used [0x0000000104e80000, 0x0000000104e80000, 0x0000000104f40000)
 tenured generation   total 15872K, used 1249K [0x000000010c440000, 0x000000010d3c0000, 0x000000011bc40000)
   the space 15872K,   7% used [0x000000010c440000, 0x000000010c578548, 0x000000010c578600, 0x000000010d3c0000)
 compacting perm gen  total 21248K, used 9523K [0x000000011bc40000, 0x000000011d100000, 0x0000000120e40000)
   the space 21248K,  44% used [0x000000011bc40000, 0x000000011c58cc90, 0x000000011c58ce00, 0x000000011d100000)
No shared spaces configured.
}

Deoptimization events (4 events):
Event: 0.985 Thread 0x00007fae7400c000 Uncommon trap -34 fr.pc 0x00000001017e44ac
Event: 0.985 Thread 0x00007fae7400c000 Uncommon trap -34 fr.pc 0x00000001017e44ac
Event: 1.044 Thread 0x00007fae7400c000 Uncommon trap -34 fr.pc 0x00000001017e44ac
Event: 1.044 Thread 0x00007fae7400c000 Uncommon trap -34 fr.pc 0x00000001017e44ac

Internal exceptions (10 events):
Event: 1.266 Thread 0x00007fae7400c000 Threw 0x0000000104990bc0 at /HUDSON/workspace/jdk7u17-2-build-macosx-amd64-product/jdk7u17/hotspot/src/share/vm/prims/jvm.cpp:1166
Event: 1.267 Thread 0x00007fae7400c000 Threw 0x00000001049933c8 at /HUDSON/workspace/jdk7u17-2-build-macosx-amd64-product/jdk7u17/hotspot/src/share/vm/prims/jvm.cpp:1166
Event: 1.286 Thread 0x00007fae7400c000 Threw 0x00000001049b98d8 at /HUDSON/workspace/jdk7u17-2-build-macosx-amd64-product/jdk7u17/hotspot/src/share/vm/prims/jvm.cpp:1166
Event: 1.287 Thread 0x00007fae7400c000 Threw 0x00000001049bc338 at /HUDSON/workspace/jdk7u17-2-build-macosx-amd64-product/jdk7u17/hotspot/src/share/vm/prims/jvm.cpp:1166
Event: 1.287 Thread 0x00007fae7400c000 Threw 0x00000001049bfcb8 at /HUDSON/workspace/jdk7u17-2-build-macosx-amd64-product/jdk7u17/hotspot/src/share/vm/prims/jvm.cpp:1166
Event: 1.288 Thread 0x00007fae7400c000 Threw 0x00000001049c31a0 at /HUDSON/workspace/jdk7u17-2-build-macosx-amd64-product/jdk7u17/hotspot/src/share/vm/prims/jvm.cpp:1166
Event: 1.289 Thread 0x00007fae7400c000 Threw 0x00000001049c8ea8 at /HUDSON/workspace/jdk7u17-2-build-macosx-amd64-product/jdk7u17/hotspot/src/share/vm/prims/jvm.cpp:1166
Event: 1.290 Thread 0x00007fae7400c000 Threw 0x00000001049cbe00 at /HUDSON/workspace/jdk7u17-2-build-macosx-amd64-product/jdk7u17/hotspot/src/share/vm/prims/jvm.cpp:1166
Event: 1.292 Thread 0x00007fae7400c000 Threw 0x00000001049ce908 at /HUDSON/workspace/jdk7u17-2-build-macosx-amd64-product/jdk7u17/hotspot/src/share/vm/prims/jvm.cpp:1166
Event: 1.293 Thread 0x00007fae7400c000 Threw 0x00000001049d2528 at /HUDSON/workspace/jdk7u17-2-build-macosx-amd64-product/jdk7u17/hotspot/src/share/vm/prims/jvm.cpp:1166

Events (10 events):
Event: 1.290 loading class 0x00007fae73c1b0d0
Event: 1.290 loading class 0x00007fae73c1b0d0 done
Event: 1.290 loading class 0x00007fae74c213f0
Event: 1.290 loading class 0x00007fae74c213f0 done
Event: 1.290 loading class 0x00007fae73c48d60
Event: 1.290 loading class 0x00007fae73c48d60 done
Event: 1.292 loading class 0x00007fae748c2480
Event: 1.292 loading class 0x00007fae748c2480 done
Event: 1.292 loading class 0x00007fae73c48f70
Event: 1.292 loading class 0x00007fae73c48f70 done


Dynamic libraries:
0x0000000007348000 	/System/Library/Frameworks/Cocoa.framework/Versions/A/Cocoa
0x0000000007348000 	/System/Library/Frameworks/Security.framework/Versions/A/Security
0x0000000007348000 	/System/Library/Frameworks/ApplicationServices.framework/Versions/A/ApplicationServices
0x0000000007348000 	/usr/lib/libz.1.dylib
0x0000000007348000 	/usr/lib/libSystem.B.dylib
0x0000000007348000 	/usr/lib/libobjc.A.dylib
0x0000000007348000 	/System/Library/Frameworks/CoreFoundation.framework/Versions/A/CoreFoundation
0x0000000007348000 	/System/Library/Frameworks/AppKit.framework/Versions/C/AppKit
0x0000000007348000 	/System/Library/Frameworks/CoreData.framework/Versions/A/CoreData
0x0000000007348000 	/System/Library/Frameworks/Foundation.framework/Versions/C/Foundation
0x0000000007348000 	/System/Library/PrivateFrameworks/RemoteViewServices.framework/Versions/A/RemoteViewServices
0x0000000007348000 	/System/Library/Frameworks/AudioToolbox.framework/Versions/A/AudioToolbox
0x0000000007348000 	/System/Library/Frameworks/AudioUnit.framework/Versions/A/AudioUnit
0x0000000007348000 	/System/Library/PrivateFrameworks/DataDetectorsCore.framework/Versions/A/DataDetectorsCore
0x0000000007348000 	/System/Library/PrivateFrameworks/DesktopServicesPriv.framework/Versions/A/DesktopServicesPriv
0x0000000007348000 	/System/Library/Frameworks/Carbon.framework/Versions/A/Frameworks/HIToolbox.framework/Versions/A/HIToolbox
0x0000000007348000 	/System/Library/Frameworks/QuartzCore.framework/Versions/A/QuartzCore
0x0000000007348000 	/System/Library/Frameworks/Carbon.framework/Versions/A/Frameworks/SpeechRecognition.framework/Versions/A/SpeechRecognition
0x0000000007348000 	/usr/lib/libauto.dylib
0x0000000007348000 	/usr/lib/libicucore.A.dylib
0x0000000007348000 	/usr/lib/libxml2.2.dylib
0x0000000007348000 	/System/Library/PrivateFrameworks/CoreUI.framework/Versions/A/CoreUI
0x0000000007348000 	/System/Library/Frameworks/CoreAudio.framework/Versions/A/CoreAudio
0x0000000007348000 	/System/Library/Frameworks/DiskArbitration.framework/Versions/A/DiskArbitration
0x0000000007348000 	/usr/lib/liblangid.dylib
0x0000000007348000 	/System/Library/PrivateFrameworks/MultitouchSupport.framework/Versions/A/MultitouchSupport
0x0000000007348000 	/System/Library/Frameworks/IOKit.framework/Versions/A/IOKit
0x0000000007348000 	/usr/lib/libDiagnosticMessagesClient.dylib
0x0000000007348000 	/System/Library/Frameworks/CoreServices.framework/Versions/A/CoreServices
0x0000000007348000 	/System/Library/PrivateFrameworks/PerformanceAnalysis.framework/Versions/A/PerformanceAnalysis
0x0000000007348000 	/System/Library/PrivateFrameworks/GenerationalStorage.framework/Versions/A/GenerationalStorage
0x0000000007348000 	/System/Library/Frameworks/OpenGL.framework/Versions/A/OpenGL
0x0000000007348000 	/System/Library/Frameworks/CoreText.framework/Versions/A/CoreText
0x0000000007348000 	/System/Library/Frameworks/ImageIO.framework/Versions/A/ImageIO
0x0000000007348000 	/System/Library/PrivateFrameworks/Backup.framework/Versions/A/Backup
0x0000000007348000 	/System/Library/Frameworks/CFNetwork.framework/Versions/A/CFNetwork
0x0000000007348000 	/System/Library/Frameworks/SystemConfiguration.framework/Versions/A/SystemConfiguration
0x0000000007348000 	/usr/lib/libCRFSuite.dylib
0x0000000007348000 	/System/Library/PrivateFrameworks/TCC.framework/Versions/A/TCC
0x0000000007348000 	/usr/lib/libc++.1.dylib
0x0000000007348000 	/usr/lib/libc++abi.dylib
0x0000000007348000 	/usr/lib/system/libcache.dylib
0x0000000007348000 	/usr/lib/system/libcommonCrypto.dylib
0x0000000007348000 	/usr/lib/system/libcompiler_rt.dylib
0x0000000007348000 	/usr/lib/system/libcopyfile.dylib
0x0000000007348000 	/usr/lib/system/libdispatch.dylib
0x0000000007348000 	/usr/lib/system/libdnsinfo.dylib
0x0000000007348000 	/usr/lib/system/libdyld.dylib
0x0000000007348000 	/usr/lib/system/libkeymgr.dylib
0x0000000007348000 	/usr/lib/system/liblaunch.dylib
0x0000000007348000 	/usr/lib/system/libmacho.dylib
0x0000000007348000 	/usr/lib/system/libquarantine.dylib
0x0000000007348000 	/usr/lib/system/libremovefile.dylib
0x0000000007348000 	/usr/lib/system/libsystem_blocks.dylib
0x0000000007348000 	/usr/lib/system/libsystem_c.dylib
0x0000000007348000 	/usr/lib/system/libsystem_dnssd.dylib
0x0000000007348000 	/usr/lib/system/libsystem_info.dylib
0x0000000007348000 	/usr/lib/system/libsystem_kernel.dylib
0x0000000007348000 	/usr/lib/system/libsystem_m.dylib
0x0000000007348000 	/usr/lib/system/libsystem_network.dylib
0x0000000007348000 	/usr/lib/system/libsystem_notify.dylib
0x0000000007348000 	/usr/lib/system/libsystem_sandbox.dylib
0x0000000007348000 	/usr/lib/system/libunc.dylib
0x0000000007348000 	/usr/lib/system/libunwind.dylib
0x0000000007348000 	/usr/lib/system/libxpc.dylib
0x0000000007348000 	/usr/lib/system/libcorecrypto.dylib
0x0000000007348000 	/usr/lib/libstdc++.6.dylib
0x0000000007348000 	/usr/lib/libbsm.0.dylib
0x0000000007348000 	/usr/lib/libsqlite3.dylib
0x0000000007348000 	/usr/lib/libxar.1.dylib
0x0000000007348000 	/usr/lib/libpam.2.dylib
0x0000000007348000 	/usr/lib/libOpenScriptingUtil.dylib
0x0000000007348000 	/usr/lib/libbz2.1.0.dylib
0x0000000007348000 	/System/Library/Frameworks/CoreServices.framework/Versions/A/Frameworks/CarbonCore.framework/Versions/A/CarbonCore
0x0000000007348000 	/System/Library/Frameworks/CoreServices.framework/Versions/A/Frameworks/Metadata.framework/Versions/A/Metadata
0x0000000007348000 	/System/Library/Frameworks/CoreServices.framework/Versions/A/Frameworks/OSServices.framework/Versions/A/OSServices
0x0000000007348000 	/System/Library/Frameworks/CoreServices.framework/Versions/A/Frameworks/SearchKit.framework/Versions/A/SearchKit
0x0000000007348000 	/System/Library/Frameworks/CoreServices.framework/Versions/A/Frameworks/AE.framework/Versions/A/AE
0x0000000007348000 	/System/Library/Frameworks/CoreServices.framework/Versions/A/Frameworks/LaunchServices.framework/Versions/A/LaunchServices
0x0000000007348000 	/System/Library/Frameworks/CoreServices.framework/Versions/A/Frameworks/DictionaryServices.framework/Versions/A/DictionaryServices
0x0000000007348000 	/System/Library/Frameworks/NetFS.framework/Versions/A/NetFS
0x0000000007348000 	/usr/lib/system/libkxld.dylib
0x0000000007348000 	/System/Library/PrivateFrameworks/NetAuth.framework/Versions/A/NetAuth
0x0000000007348000 	/System/Library/Frameworks/OpenDirectory.framework/Versions/A/Frameworks/CFOpenDirectory.framework/Versions/A/CFOpenDirectory
0x0000000007348000 	/usr/lib/libxslt.1.dylib
0x0000000007348000 	/System/Library/PrivateFrameworks/FamilyControls.framework/Versions/A/FamilyControls
0x0000000007348000 	/System/Library/Frameworks/Carbon.framework/Versions/A/Frameworks/Ink.framework/Versions/A/Ink
0x0000000007348000 	/System/Library/Frameworks/ApplicationServices.framework/Versions/A/Frameworks/CoreGraphics.framework/Versions/A/CoreGraphics
0x0000000007348000 	/System/Library/Frameworks/ApplicationServices.framework/Versions/A/Frameworks/ATS.framework/Versions/A/ATS
0x0000000007348000 	/System/Library/Frameworks/ApplicationServices.framework/Versions/A/Frameworks/ColorSync.framework/Versions/A/ColorSync
0x0000000007348000 	/System/Library/Frameworks/ApplicationServices.framework/Versions/A/Frameworks/HIServices.framework/Versions/A/HIServices
0x0000000007348000 	/System/Library/Frameworks/ApplicationServices.framework/Versions/A/Frameworks/LangAnalysis.framework/Versions/A/LangAnalysis
0x0000000007348000 	/System/Library/Frameworks/ApplicationServices.framework/Versions/A/Frameworks/PrintCore.framework/Versions/A/PrintCore
0x0000000007348000 	/System/Library/Frameworks/ApplicationServices.framework/Versions/A/Frameworks/QD.framework/Versions/A/QD
0x0000000007348000 	/System/Library/Frameworks/ApplicationServices.framework/Versions/A/Frameworks/SpeechSynthesis.framework/Versions/A/SpeechSynthesis
0x0000000007348000 	/System/Library/Frameworks/IOSurface.framework/Versions/A/IOSurface
0x0000000007348000 	/System/Library/Frameworks/Accelerate.framework/Versions/A/Accelerate
0x0000000007348000 	/System/Library/Frameworks/ApplicationServices.framework/Versions/A/Frameworks/ATS.framework/Versions/A/Resources/libFontParser.dylib
0x0000000007348000 	/System/Library/Frameworks/ApplicationServices.framework/Versions/A/Frameworks/ATS.framework/Versions/A/Resources/libFontRegistry.dylib
0x0000000007348000 	/System/Library/Frameworks/Accelerate.framework/Versions/A/Frameworks/vImage.framework/Versions/A/vImage
0x0000000007348000 	/System/Library/Frameworks/Accelerate.framework/Versions/A/Frameworks/vecLib.framework/Versions/A/vecLib
0x0000000007348000 	/System/Library/Frameworks/Accelerate.framework/Versions/A/Frameworks/vecLib.framework/Versions/A/libvDSP.dylib
0x0000000007348000 	/System/Library/Frameworks/Accelerate.framework/Versions/A/Frameworks/vecLib.framework/Versions/A/libvMisc.dylib
0x0000000007348000 	/System/Library/Frameworks/Accelerate.framework/Versions/A/Frameworks/vecLib.framework/Versions/A/libLAPACK.dylib
0x0000000007348000 	/System/Library/Frameworks/Accelerate.framework/Versions/A/Frameworks/vecLib.framework/Versions/A/libBLAS.dylib
0x0000000007348000 	/System/Library/Frameworks/ImageIO.framework/Versions/A/Resources/libJPEG.dylib
0x0000000007348000 	/System/Library/Frameworks/ImageIO.framework/Versions/A/Resources/libTIFF.dylib
0x0000000007348000 	/System/Library/Frameworks/ImageIO.framework/Versions/A/Resources/libPng.dylib
0x0000000007348000 	/System/Library/Frameworks/ImageIO.framework/Versions/A/Resources/libGIF.dylib
0x0000000007348000 	/System/Library/Frameworks/ImageIO.framework/Versions/A/Resources/libJP2.dylib
0x0000000007348000 	/System/Library/Frameworks/ImageIO.framework/Versions/A/Resources/libRadiance.dylib
0x0000000007348000 	/usr/lib/libcups.2.dylib
0x0000000007348000 	/System/Library/Frameworks/Kerberos.framework/Versions/A/Kerberos
0x0000000007348000 	/System/Library/Frameworks/GSS.framework/Versions/A/GSS
0x0000000007348000 	/usr/lib/libresolv.9.dylib
0x0000000007348000 	/usr/lib/libiconv.2.dylib
0x0000000007348000 	/System/Library/PrivateFrameworks/Heimdal.framework/Versions/A/Heimdal
0x0000000007348000 	/System/Library/PrivateFrameworks/TrustEvaluationAgent.framework/Versions/A/TrustEvaluationAgent
0x0000000007348000 	/System/Library/Frameworks/OpenDirectory.framework/Versions/A/OpenDirectory
0x0000000007348000 	/System/Library/PrivateFrameworks/CommonAuth.framework/Versions/A/CommonAuth
0x0000000007348000 	/System/Library/PrivateFrameworks/Bom.framework/Versions/A/Bom
0x0000000007348000 	/System/Library/Frameworks/CoreVideo.framework/Versions/A/CoreVideo
0x0000000007348000 	/System/Library/Frameworks/QuartzCore.framework/Versions/A/Frameworks/CoreImage.framework/Versions/A/CoreImage
0x0000000007348000 	/System/Library/Frameworks/QuartzCore.framework/Versions/A/Frameworks/ScalableUserInterface.framework/Versions/A/ScalableUserInterface
0x0000000007348000 	/System/Library/Frameworks/OpenGL.framework/Versions/A/Libraries/libGLU.dylib
0x0000000007348000 	/System/Library/Frameworks/OpenGL.framework/Versions/A/Libraries/libGFXShared.dylib
0x0000000007348000 	/System/Library/Frameworks/OpenGL.framework/Versions/A/Libraries/libGL.dylib
0x0000000007348000 	/System/Library/Frameworks/OpenGL.framework/Versions/A/Libraries/libGLImage.dylib
0x0000000007348000 	/System/Library/Frameworks/OpenGL.framework/Versions/A/Libraries/libCVMSPluginSupport.dylib
0x0000000007348000 	/System/Library/Frameworks/OpenGL.framework/Versions/A/Libraries/libCoreVMClient.dylib
0x0000000007348000 	/System/Library/PrivateFrameworks/CrashReporterSupport.framework/Versions/A/CrashReporterSupport
0x0000000007348000 	/System/Library/Frameworks/OpenCL.framework/Versions/A/OpenCL
0x0000000007348000 	/System/Library/PrivateFrameworks/FaceCoreLight.framework/Versions/A/FaceCoreLight
0x0000000007348000 	/System/Library/PrivateFrameworks/AppleFSCompression.framework/Versions/A/AppleFSCompression
0x0000000007348000 	/System/Library/PrivateFrameworks/Ubiquity.framework/Versions/A/Ubiquity
0x0000000007348000 	/System/Library/Frameworks/ServiceManagement.framework/Versions/A/ServiceManagement
0x0000000007348000 	/System/Library/PrivateFrameworks/ChunkingLibrary.framework/Versions/A/ChunkingLibrary
0x0000000007348000 	/System/Library/Frameworks/vecLib.framework/Versions/A/vecLib
0x0000000007348000 	/System/Library/Frameworks/SecurityFoundation.framework/Versions/A/SecurityFoundation
0x0000000007348000 	/System/Library/PrivateFrameworks/CommerceKit.framework/Versions/A/Frameworks/CommerceCore.framework/Versions/A/CommerceCore
0x0000000007348000 	/System/Library/PrivateFrameworks/CoreSymbolication.framework/Versions/A/CoreSymbolication
0x0000000007348000 	/System/Library/PrivateFrameworks/Symbolication.framework/Versions/A/Symbolication
0x0000000007348000 	/System/Library/PrivateFrameworks/DebugSymbols.framework/Versions/A/DebugSymbols
0x0000000100ae8000 	/Library/Java/JavaVirtualMachines/jdk1.7.0_17.jdk/Contents/Home/jre/lib/server/libjvm.dylib
0x0000000101692000 	/Library/Java/JavaVirtualMachines/jdk1.7.0_17.jdk/Contents/Home/jre/lib/libverify.dylib
0x000000010169f000 	/Library/Java/JavaVirtualMachines/jdk1.7.0_17.jdk/Contents/Home/jre/lib/libjava.dylib
0x000000010175c000 	/Library/Java/JavaVirtualMachines/jdk1.7.0_17.jdk/Contents/Home/jre/lib/libzip.dylib
0x0000000121555000 	/System/Library/Frameworks/JavaVM.framework/Frameworks/JavaRuntimeSupport.framework/JavaRuntimeSupport
0x000000012156c000 	/System/Library/Frameworks/JavaVM.framework/Versions/A/Frameworks/JavaNativeFoundation.framework/Versions/A/JavaNativeFoundation
0x0000000121582000 	/System/Library/Frameworks/JavaVM.framework/Versions/A/JavaVM
0x0000000007348000 	/System/Library/Frameworks/Carbon.framework/Versions/A/Carbon
0x000000012158f000 	/System/Library/PrivateFrameworks/JavaLaunching.framework/Versions/A/JavaLaunching
0x0000000007348000 	/System/Library/Frameworks/Carbon.framework/Versions/A/Frameworks/CommonPanels.framework/Versions/A/CommonPanels
0x0000000007348000 	/System/Library/Frameworks/Carbon.framework/Versions/A/Frameworks/Help.framework/Versions/A/Help
0x0000000007348000 	/System/Library/Frameworks/Carbon.framework/Versions/A/Frameworks/ImageCapture.framework/Versions/A/ImageCapture
0x0000000007348000 	/System/Library/Frameworks/Carbon.framework/Versions/A/Frameworks/OpenScripting.framework/Versions/A/OpenScripting
0x0000000007348000 	/System/Library/Frameworks/Carbon.framework/Versions/A/Frameworks/Print.framework/Versions/A/Print
0x0000000007348000 	/System/Library/Frameworks/Carbon.framework/Versions/A/Frameworks/SecurityHI.framework/Versions/A/SecurityHI
0x0000000121c75000 	/Library/Java/JavaVirtualMachines/jdk1.7.0_17.jdk/Contents/Home/jre/lib/libawt.dylib
0x0000000121d24000 	/Library/Java/JavaVirtualMachines/jdk1.7.0_17.jdk/Contents/Home/jre/lib/./libmlib_image.dylib
0x0000000121df0000 	/Library/Java/JavaVirtualMachines/jdk1.7.0_17.jdk/Contents/Home/jre/lib/lwawt/liblwawt.dylib
0x0000000121ea2000 	/Library/Java/JavaVirtualMachines/jdk1.7.0_17.jdk/Contents/Home/jre/lib/libosxapp.dylib
0x0000000121ebe000 	/System/Library/Frameworks/ExceptionHandling.framework/Versions/A/ExceptionHandling
0x0000000007348000 	/System/Library/PrivateFrameworks/CoreServicesInternal.framework/Versions/A/CoreServicesInternal
0x0000000007348000 	/System/Library/PrivateFrameworks/Librarian.framework/Versions/A/Librarian
0x0000000007348000 	/System/Library/Frameworks/ApplicationServices.framework/Versions/A/Frameworks/CoreGraphics.framework/Versions/A/Resources/libCSync.A.dylib
0x0000000007348000 	/System/Library/Frameworks/ApplicationServices.framework/Versions/A/Frameworks/CoreGraphics.framework/Versions/A/Resources/libRIP.A.dylib
0x0000000007348000 	/System/Library/Frameworks/ApplicationServices.framework/Versions/A/Frameworks/CoreGraphics.framework/Versions/A/Resources/libCGXType.A.dylib
0x0000000124009000 	/Library/Java/JavaVirtualMachines/jdk1.7.0_17.jdk/Contents/Home/jre/lib/libfontmanager.dylib
0x000000012584c000 	/Users/alunos/Desktop/Aulas de TP/TP Final/GR3/GoatRunner/recursos/natives/macosx/liblwjgl.jnilib
0x0000000124055000 	/Library/Java/JavaVirtualMachines/jdk1.7.0_17.jdk/Contents/Home/jre/lib/libjawt.dylib
0x0000000124058000 	/Library/Java/JavaVirtualMachines/jdk1.7.0_17.jdk/Contents/Home/jre/lib/libosxui.dylib
0x00000001259ce000 	/System/Library/Frameworks/OpenGL.framework/Resources/GLEngine.bundle/GLEngine
0x0000000125bc3000 	/System/Library/Frameworks/OpenGL.framework/Versions/A/Libraries/libGLProgrammability.dylib
0x0000000000000000 	/System/Library/Extensions/GeForceGLDriver.bundle/Contents/MacOS/GeForceGLDriver
0x0000000124062000 	/System/Library/PrivateFrameworks/GPUSupport.framework/Versions/A/Libraries/libGPUSupport.dylib
0x0000000007348000 	/System/Library/Extensions/GeForceGLDriver.bundle/Contents/MacOS/libclh.dylib
0x0000000125dee000 	/System/Library/Frameworks/OpenGL.framework/Resources//GLRendererFloat.bundle/GLRendererFloat
0x0000000125e22000 	/System/Library/Frameworks/OpenCL.framework/Versions/A/Libraries/libcldcpuengine.dylib
0x0000000007348000 	/System/Library/PrivateFrameworks/DiskImages.framework/Versions/A/DiskImages
0x0000000007348000 	/System/Library/Frameworks/DiscRecording.framework/Versions/A/DiscRecording
0x0000000007348000 	/usr/lib/libcurl.4.dylib
0x0000000007348000 	/System/Library/PrivateFrameworks/MediaKit.framework/Versions/A/MediaKit
0x0000000007348000 	/usr/lib/libssl.0.9.8.dylib
0x0000000007348000 	/usr/lib/libcrypto.0.9.8.dylib
0x0000000007348000 	/System/Library/Frameworks/LDAP.framework/Versions/A/LDAP
0x0000000007348000 	/usr/lib/libsasl2.2.dylib
0x00000001264a7000 	/Library/Java/JavaVirtualMachines/jdk1.7.0_17.jdk/Contents/Home/jre/lib/libnio.dylib
0x00000001264b6000 	/Library/Java/JavaVirtualMachines/jdk1.7.0_17.jdk/Contents/Home/jre/lib/./libnet.dylib

VM Arguments:
jvm_args: -Dfile.encoding=UTF-8 -Djava.library.path=recursos/natives/macosx 
java_command: goatRunner.GoatRunner
Launcher Type: SUN_STANDARD

Environment Variables:
PATH=/usr/bin:/bin:/usr/sbin:/sbin
SHELL=/bin/bash

Signal Handlers:
SIGSEGV: [libjvm.dylib+0x4a361d], sa_mask[0]=0xfffefeff, sa_flags=0x00000042
SIGBUS: [libjvm.dylib+0x4a361d], sa_mask[0]=0xfffefeff, sa_flags=0x00000042
SIGFPE: [libjvm.dylib+0x3b302d], sa_mask[0]=0xfffefeff, sa_flags=0x00000042
SIGPIPE: [libjvm.dylib+0x3b302d], sa_mask[0]=0xfffefeff, sa_flags=0x00000042
SIGXFSZ: [libjvm.dylib+0x3b302d], sa_mask[0]=0xfffefeff, sa_flags=0x00000042
SIGILL: [libjvm.dylib+0x3b302d], sa_mask[0]=0xfffefeff, sa_flags=0x00000042
SIGUSR1: SIG_DFL, sa_mask[0]=0x00000000, sa_flags=0x00000002
SIGUSR2: [libjvm.dylib+0x3b2bc6], sa_mask[0]=0x00000004, sa_flags=0x00000042
SIGHUP: [libjvm.dylib+0x3b0e27], sa_mask[0]=0xfffefeff, sa_flags=0x00000042
SIGINT: SIG_IGN, sa_mask[0]=0x00000000, sa_flags=0x00000000
SIGTERM: [libjvm.dylib+0x3b0e27], sa_mask[0]=0xfffefeff, sa_flags=0x00000042
SIGQUIT: [libjvm.dylib+0x3b0e27], sa_mask[0]=0xfffefeff, sa_flags=0x00000042


---------------  S Y S T E M  ---------------

OS:Bsduname:Darwin 12.5.0 Darwin Kernel Version 12.5.0: Sun Sep 29 13:33:47 PDT 2013; root:xnu-2050.48.12~1/RELEASE_X86_64 x86_64
rlimit: STACK 8192k, CORE 0k, NPROC 709, NOFILE 10240, AS infinity
load average:0.98 1.54 1.27

CPU:total 2 (2 cores per cpu, 1 threads per core) family 6 model 23 stepping 10, cmov, cx8, fxsr, mmx, sse, sse2, sse3, ssse3, sse4.1, tsc

Memory: 4k page, physical 1521496k(380374k free)

/proc/meminfo:


vm_info: Java HotSpot(TM) 64-Bit Server VM (23.7-b01) for bsd-amd64 JRE (1.7.0_17-b02), built on Mar  1 2013 06:41:23 by "java_re" with gcc 4.2.1 (Based on Apple Inc. build 5658) (LLVM build 2336.11.00)

time: Tue Nov  4 07:49:25 2014
elapsed time: 1 seconds

